<?xml version="1.0" encoding="UTF-8"?>
<!-- Generated by org.testng.reporters.JUnitReportReporter -->
<testsuite hostname="DESKTOP-8NMTV1I" failures="0" tests="1" name="qaautomation.Tugas4.APITestSignUp" time="7.907" errors="0" timestamp="13 Aug 2022 16:16:50 GMT" skipped="0">
  <testcase classname="qaautomation.Tugas4.APITestSignUp" name="signupAPI" time="7.907"/>
</testsuite> <!-- qaautomation.Tugas4.APITestSignUp -->
