<?xml version="1.0" encoding="UTF-8"?>
<!-- Generated by org.testng.reporters.JUnitReportReporter -->
<testsuite hostname="DESKTOP-8NMTV1I" failures="0" tests="1" name="qaautomation.Tugas4.SaucedemoWebTest" time="14.248" errors="0" timestamp="13 Aug 2022 15:37:11 GMT" skipped="0">
  <testcase classname="qaautomation.Tugas4.SaucedemoWebTest" name="buyInSaucedemo" time="14.248"/>
</testsuite> <!-- qaautomation.Tugas4.SaucedemoWebTest -->
