<?xml version="1.0" encoding="UTF-8"?>
<!-- Generated by org.testng.reporters.JUnitReportReporter -->
<testsuite hostname="DESKTOP-8NMTV1I" failures="0" tests="1" name="qaautomation.Tugas3.AppTest" time="0.372" errors="0" timestamp="13 Aug 2022 15:26:24 GMT" skipped="0">
  <testcase classname="qaautomation.Tugas3.AppTest" name="shouldAnswerWithTrue" time="0.372"/>
</testsuite> <!-- qaautomation.Tugas3.AppTest -->
