<?xml version="1.0" encoding="UTF-8"?>
<!-- Generated by org.testng.reporters.JUnitReportReporter -->
<testsuite hostname="DESKTOP-8NMTV1I" failures="0" tests="1" name="qaautomation.Tugas5.APITestSignUp" time="8.809" errors="0" timestamp="18 Aug 2022 08:20:41 GMT" skipped="0">
  <testcase classname="qaautomation.Tugas5.APITestSignUp" name="signupAPI" time="8.809"/>
</testsuite> <!-- qaautomation.Tugas5.APITestSignUp -->
