<?xml version="1.0" encoding="UTF-8"?>
<!-- Generated by org.testng.reporters.JUnitReportReporter -->
<testsuite hostname="DESKTOP-8NMTV1I" failures="0" tests="1" name="qaautomation.Tugas3.YopMailWebTest" time="19.076" errors="0" timestamp="14 Aug 2022 05:04:15 GMT" skipped="0">
  <testcase classname="qaautomation.Tugas3.YopMailWebTest" name="testEmailLogin" time="19.076"/>
</testsuite> <!-- qaautomation.Tugas3.YopMailWebTest -->
