<?xml version="1.0" encoding="UTF-8"?>
<!-- Generated by org.testng.reporters.JUnitReportReporter -->
<testsuite hostname="DESKTOP-8NMTV1I" failures="0" tests="1" name="qaautomation.Tugas4.SaucedemoWebTest" time="16.929" errors="0" timestamp="16 Aug 2022 06:32:49 GMT" skipped="0">
  <testcase classname="qaautomation.Tugas4.SaucedemoWebTest" name="buyInSaucedemo" time="16.929"/>
</testsuite> <!-- qaautomation.Tugas4.SaucedemoWebTest -->
