<?xml version="1.0" encoding="UTF-8"?>
<!-- Generated by org.testng.reporters.JUnitReportReporter -->
<testsuite hostname="DESKTOP-8NMTV1I" failures="0" tests="1" name="qaautomation.Tugas3.YopMailWebTest" time="17.721" errors="0" timestamp="13 Aug 2022 15:24:11 GMT" skipped="0">
  <testcase classname="qaautomation.Tugas3.YopMailWebTest" name="testEmailLogin" time="17.721"/>
</testsuite> <!-- qaautomation.Tugas3.YopMailWebTest -->
